C51 COMPILER V9.54   UART                                                                  05/17/2020 18:01:26 PAGE 1   


C51 COMPILER V9.54, COMPILATION OF MODULE UART
OBJECT MODULE PLACED IN .\Objects\uart.obj
COMPILER INVOKED BY: C:\Program Files (x86)\Spring Program Files(x86)\MDK4 and MDK5\C51\BIN\C51.EXE USER\uart.c OPTIMIZE
                    -(8,SPEED) BROWSE DEBUG OBJECTEXTEND PRINT(.\Listings\uart.lst) TABS(2) OBJECT(.\Objects\uart.obj)

line level    source

   1          
   2          
   3          
   4          #include "uart.h"
*** WARNING C318 IN LINE 7 OF USER\config.h: can't open file 'STC15W4K.h'
   5          
   6          


MODULE INFORMATION:   STATIC OVERLAYABLE
   CODE SIZE        =   ----    ----
   CONSTANT SIZE    =   ----    ----
   XDATA SIZE       =   ----    ----
   PDATA SIZE       =   ----    ----
   DATA SIZE        =   ----    ----
   IDATA SIZE       =   ----    ----
   BIT SIZE         =   ----    ----
END OF MODULE INFORMATION.


C51 COMPILATION COMPLETE.  1 WARNING(S),  0 ERROR(S)
