C51 COMPILER V9.54   MAIN                                                                  05/17/2020 11:10:31 PAGE 1   


C51 COMPILER V9.54, COMPILATION OF MODULE MAIN
OBJECT MODULE PLACED IN .\Objects\main.obj
COMPILER INVOKED BY: C:\Program Files (x86)\Spring Program Files(x86)\MDK4 and MDK5\C51\BIN\C51.EXE USER\main.c LARGE OP
                    -TIMIZE(8,SPEED) BROWSE DEBUG OBJECTEXTEND PRINT(.\Listings\main.lst) TABS(2) OBJECT(.\Objects\main.obj)

line level    source

   1          
   2          
   3          
   4          #include "GPIO.h"
   5          #include  "timer.h"
   6          #include "USART1.h"
   7          //#include <STC15F2K60S2.H>
   8          #include "config.h"
   9          #include "eeprom.h"
  10          #include "TaskUart.h"
  11          
  12          
  13          //任务使能标志初始化
  14            u8 TaskUartFlag = 0;//任务1：数据帧接收解析任务
  15            u8 TaskStateScanFlag = 0;//任务2：设备状态扫描检测任务
  16            u8 TaskUploadFlag = 0;//任务3：数据上传任务
  17            u8 TaskEEPROMFlag = 0;//任务4：EEPROM读写任务
  18            u8 TaskControlFlag = 0;//任务5：设备运行控制任务
  19            
  20          //两个数据区的定义和初始化，每个位置的数据参考总协议文档表10、表11
  21          u8 SlaveDataBuff[SDB_LEN] = {0};//本地状态数据区
  22          u8 MasterDataBuff[MDB_LEN] = {0};//主控STM32下发的数据区
  23          
  24          
  25          
  26          
  27          void main()
  28          {
  29   1        //SystermInit();//系统初始化，包括GPIO、USART、Timer、上电自检等
  30   1      
  31   1        while(1)
  32   1        {
  33   2          if(TaskUartFlag != 0)//数据解析任务允许工作，该标志位由定时器中断服务函数置位
  34   2          {
  35   3            TaskUartFlag = 0;//清除标志位
  36   3            if(DataValidityCheck(RX1_Buffer) == 0)//校验成功
  37   3              DataAnalyze(RX1_Buffer);//解析数据
  38   3          }
  39   2          
  40   2          if(TaskStateScanFlag != 0)//基础任务允许工作
  41   2          {
  42   3            TaskStateScanFlag = 0;//清除标志位
  43   3            //基础任务，完成对杯座状态的检测，根据检测的结果，可以写其他任务的允
             -标志位
  44   3            //将检测的数据更新保存到本地状态数据区
  45   3          }
  46   2          
  47   2          if(TaskUploadFlag != 0)//上传状态任务允许工作
  48   2          {
  49   3            TaskUploadFlag = 0;//清除标志位
  50   3            //通过串口，把本地状态数据区的内容打包上传
  51   3          }
  52   2          
  53   2          if(TaskEEPROMFlag != 0)//EEPROM任务允许工作
C51 COMPILER V9.54   MAIN                                                                  05/17/2020 11:10:31 PAGE 2   

  54   2          {
  55   3            if(TaskEEPROMFlag == 1)//标志位为1，表示由任务5（TaskControl）发起,设置限制次数
  56   3            {
  57   4              //直接读取MasterDataBuff的内容写EEPROM,写完在读取EEPROM，读取的结果写到SlaveDataB
             -uff
  58   4            }
  59   3              TaskEEPROMFlag = 0;//清除标志位
  60   3          }
  61   2          
  62   2          if(TaskControlFlag != 0)//控制任务允许工作
  63   2          {
  64   3            TaskControlFlag = 0;//清除标志位
  65   3            //读取指令数据区的内容，根据数据完成对各设备的控制
  66   3          }
  67   2        }
  68   1      }
  69          
  70          
  71          


MODULE INFORMATION:   STATIC OVERLAYABLE
   CODE SIZE        =     64    ----
   CONSTANT SIZE    =   ----    ----
   XDATA SIZE       =     51    ----
   PDATA SIZE       =   ----    ----
   DATA SIZE        =   ----    ----
   IDATA SIZE       =   ----    ----
   BIT SIZE         =   ----    ----
END OF MODULE INFORMATION.


C51 COMPILATION COMPLETE.  0 WARNING(S),  0 ERROR(S)
