C51 COMPILER V9.54   TASKSTATE                                                             05/19/2020 11:32:56 PAGE 1   


C51 COMPILER V9.54, COMPILATION OF MODULE TASKSTATE
OBJECT MODULE PLACED IN .\Objects\TaskState.obj
COMPILER INVOKED BY: C:\Program Files (x86)\Spring Program Files(x86)\MDK4 and MDK5\C51\BIN\C51.EXE USER\TaskState.c LAR
                    -GE ROM(COMPACT) OPTIMIZE(8,SPEED) BROWSE INCDIR(.\USER;.\FWLIB) DEBUG OBJECTEXTEND PRINT(.\Listings\TaskState.lst) TABS(
                    -2) OBJECT(.\Objects\TaskState.obj)

line level    source

   1          
   2          
   3          
   4          
   5          
   6          #include "TaskState.h"
   7          #include "GPIO.h"
   8          
   9          
  10          
  11          void  GPIO_config(void)
  12          {
  13   1        GPIO_InitTypeDef  GPIO_InitStructure; 
  14   1        
  15   1        /*控制继电器工作引脚初始化*/
  16   1        
  17   1        GPIO_InitStructure.Pin  = GPIO_Pin_0|GPIO_Pin_1|GPIO_Pin_2|GPIO_Pin_3|GPIO_Pin_4|GPIO_Pin_6|GPIO_Pin_7;//
             -VALVE5 4 3 2 1   R GLED1
  18   1        GPIO_InitStructure.Mode = GPIO_OUT_PP ; // 推挽输出    
  19   1        GPIO_Inilize(GPIO_P0,&GPIO_InitStructure);
  20   1        
  21   1        
  22   1        GPIO_InitStructure.Pin  = GPIO_Pin_5;// CUP4
  23   1        GPIO_InitStructure.Mode = GPIO_PullUp ; //上拉准双向口   
  24   1        GPIO_Inilize(GPIO_P0,&GPIO_InitStructure);  
  25   1        
  26   1      
  27   1        
  28   1        GPIO_InitStructure.Pin  = GPIO_Pin_0|GPIO_Pin_2|GPIO_Pin_5; //CUP1/CUP3/CUP5
  29   1        GPIO_InitStructure.Mode =GPIO_PullUp ;//上拉准双向口     
  30   1        GPIO_Inilize(GPIO_P1,&GPIO_InitStructure);
  31   1        
  32   1        GPIO_InitStructure.Pin  = GPIO_Pin_1|GPIO_Pin_3|GPIO_Pin_4|GPIO_Pin_6|GPIO_Pin_7; // RLED3 /R5/G5/ R GLED
             -2
  33   1        GPIO_InitStructure.Mode = GPIO_OUT_PP ; //推挽输出 
  34   1        GPIO_Inilize(GPIO_P1,&GPIO_InitStructure);  
  35   1        
  36   1        
  37   1        GPIO_InitStructure.Pin  = GPIO_Pin_7;// //PUMP
  38   1        GPIO_InitStructure.Mode = GPIO_OUT_PP ; //推挽输出     
  39   1        GPIO_Inilize(GPIO_P2,&GPIO_InitStructure);  
  40   1         
  41   1        GPIO_InitStructure.Pin  = GPIO_Pin_0|GPIO_Pin_1;//   WATERSTATUSE 2/1
  42   1        GPIO_InitStructure.Mode = GPIO_PullUp ;//上拉准双向口    
  43   1        GPIO_Inilize(GPIO_P2,&GPIO_InitStructure);  
  44   1        
  45   1        GPIO_InitStructure.Pin  = GPIO_Pin_6|GPIO_Pin_7; // UART1
  46   1        GPIO_InitStructure.Mode = GPIO_PullUp ; //上拉准双向口  
  47   1        GPIO_Inilize(GPIO_P3,&GPIO_InitStructure);  
  48   1        
  49   1        GPIO_InitStructure.Pin  = GPIO_Pin_1|GPIO_Pin_5| GPIO_Pin_6|GPIO_Pin_7; // LED /CAPSENS/ EXVALVE/GLED3
  50   1        GPIO_InitStructure.Mode = GPIO_OUT_PP;  //       
  51   1        GPIO_Inilize(GPIO_P4,&GPIO_InitStructure);
C51 COMPILER V9.54   TASKSTATE                                                             05/19/2020 11:32:56 PAGE 2   

  52   1        
  53   1        GPIO_InitStructure.Pin  = GPIO_Pin_2|GPIO_Pin_3|GPIO_Pin_4; //WATERSTATUSE5 4 3
  54   1        GPIO_InitStructure.Mode = GPIO_PullUp;  //       
  55   1        GPIO_Inilize(GPIO_P4,&GPIO_InitStructure);
  56   1        
  57   1        GPIO_InitStructure.Pin  = GPIO_Pin_2|GPIO_Pin_3;  //R GLED4 
  58   1        GPIO_InitStructure.Mode = GPIO_OUT_PP;//     
  59   1        GPIO_Inilize(GPIO_P5,&GPIO_InitStructure);
  60   1        
  61   1        GPIO_InitStructure.Pin  = GPIO_Pin_4 ;  //CUP2
  62   1        GPIO_InitStructure.Mode = GPIO_PullUp;//     
  63   1        GPIO_Inilize(GPIO_P5,&GPIO_InitStructure);
  64   1        
  65   1      
  66   1        
  67   1      } 


MODULE INFORMATION:   STATIC OVERLAYABLE
   CODE SIZE        =    246    ----
   CONSTANT SIZE    =   ----    ----
   XDATA SIZE       =   ----       2
   PDATA SIZE       =   ----    ----
   DATA SIZE        =   ----    ----
   IDATA SIZE       =   ----    ----
   BIT SIZE         =   ----    ----
END OF MODULE INFORMATION.


C51 COMPILATION COMPLETE.  0 WARNING(S),  0 ERROR(S)
