C51 COMPILER V9.54   TASKEEPROM                                                            05/19/2020 17:16:00 PAGE 1   


C51 COMPILER V9.54, COMPILATION OF MODULE TASKEEPROM
OBJECT MODULE PLACED IN .\Objects\TaskEEPROM.obj
COMPILER INVOKED BY: C:\Program Files (x86)\Spring Program Files(x86)\MDK4 and MDK5\C51\BIN\C51.EXE USER\TaskEEPROM.c CO
                    -MPACT ROM(COMPACT) OPTIMIZE(8,SPEED) BROWSE INCDIR(.\USER;.\FWLIB) DEBUG OBJECTEXTEND PRINT(.\Listings\TaskEEPROM.lst) T
                    -ABS(2) OBJECT(.\Objects\TaskEEPROM.obj)

line level    source

   1          
   2          
   3          #include "TaskEEPROM.h"
   4          #include "EEPROM.h"
   5          
   6          
   7          /**********************************************************************************/
   8          //名称：void MasterControlEE()
   9          //功能：修改剩余杯子次数函数
  10          //参数：帧头+包长+识别码+功能码(0x55数据流)+数据段+效验码+帧尾  
  11          //      EEPROM_SectorErase:删除扇区函数
  12          //      EEPROM_write_n:写入一个字节函数
  13          //      _nop_():延时
  14          //      SlaveControlEE()：发送函数数据调用
  15          //返回值：void
  16          //--------------------------------
  17          //作者：XiongXiaoping   
  18          //修改日期：2020/05/07
  19          //修改内容：
  20          //----------------------------
  21          /**********************************************************************************/
  22          void TaskEEPROM(void)
  23          {
  24   1        u16 DoubleTempvalue;
  25   1            if((MasterDataBuff[21]*256+MasterDataBuff[22])<0xfffa)  
  26   1              {
  27   2                DoubleTempvalue = (MasterDataBuff[21]*256+(MasterDataBuff[22]+0x03));
  28   2                EEPROM_SectorErase(0x0000); 
  29   2                EEPROM_write_n(0x0000,(DoubleTempvalue%256));//低八位写入一个扇区单元
  30   2                _nop_();
  31   2                EEPROM_write_n(0x0001,(DoubleTempvalue/256));//高八位写入一个扇区单元
  32   2                _nop_();
  33   2               
  34   2              }
  35   1              else if((MasterDataBuff[21]*256+MasterDataBuff[22])>=0xfffa)  
  36   1              {
  37   2                EEPROM_SectorErase(0x0000); 
  38   2                EEPROM_write_n(0x0000,MasterDataBuff[22]);//低八位写入一个扇区单元
  39   2                _nop_();
  40   2                EEPROM_write_n(0x0001,MasterDataBuff[21]);//高八位写入一个扇区单元
  41   2                _nop_();
  42   2              }
  43   1      
  44   1      }
  45          
  46          
  47          
  48          
  49          
  50          


MODULE INFORMATION:   STATIC OVERLAYABLE
C51 COMPILER V9.54   TASKEEPROM                                                            05/19/2020 17:16:00 PAGE 2   

   CODE SIZE        =    117    ----
   CONSTANT SIZE    =   ----    ----
   XDATA SIZE       =   ----    ----
   PDATA SIZE       =   ----       2
   DATA SIZE        =   ----    ----
   IDATA SIZE       =   ----    ----
   BIT SIZE         =   ----    ----
END OF MODULE INFORMATION.


C51 COMPILATION COMPLETE.  0 WARNING(S),  0 ERROR(S)
