C51 COMPILER V9.54   TASKSTATE                                                             05/19/2020 17:16:00 PAGE 1   


C51 COMPILER V9.54, COMPILATION OF MODULE TASKSTATE
OBJECT MODULE PLACED IN .\Objects\TaskState.obj
COMPILER INVOKED BY: C:\Program Files (x86)\Spring Program Files(x86)\MDK4 and MDK5\C51\BIN\C51.EXE USER\TaskState.c COM
                    -PACT ROM(COMPACT) OPTIMIZE(8,SPEED) BROWSE INCDIR(.\USER;.\FWLIB) DEBUG OBJECTEXTEND PRINT(.\Listings\TaskState.lst) TAB
                    -S(2) OBJECT(.\Objects\TaskState.obj)

line level    source

   1          
   2          
   3          
   4          
   5          
   6          #include "TaskState.h"
   7          #include "GPIO.h"
   8          
   9          #define Exist 1
  10          #define NoExist 0
  11          #define ON 0
  12          #define OFF 1
  13          #define VALVEON  1
  14          #define VALVEOFF 0
  15          
  16          #define WaitingWaterTimeOut 22  //第一次等待来水时间 22
  17          
  18          #define SensorCupTimerOut 3       //传感器 放置杯子后启动时间
  19          #define SensorCupOutTime 5        //传感器 杯子取出后回待杯时间
  20          #define SensorWaterTimeOut  28    //第二次来水 传感器检测到无水后确认时间  12
  21          
  22          //#define ExvalveRunTime  50        //排空阀运行间隔时间30/15秒
  23          
  24          
  25          u16 ScanCounter1=0, ScanCounter3=0, ScanCounter5=0;ExvalveCounter=0;//扫描次数计数，避免意外触发
  26          
  27          //杯子有无状态
  28          u8 Cup1Status   =0;//1无杯子
  29          u8 Cup5Status   =0;//5无杯子
  30          u8 Cup3Status   =0;//3无杯子
  31          
  32          //状态机状态标志
  33          u8 Cup1Waiting=0,Cup1Runing=0,Cup1Ending=0;Cup1EndingDraw=0;
  34          u8 Cup5Waiting=0,Cup5Runing=0,Cup5Ending=0;Cup5EndingDraw=0;
  35          u8 Cup3Waiting=0,Cup3Runing=0,Cup3Ending=0;Cup3EndingDraw=0;
  36          
  37          u8 ExitData1=1;ExitData3=1;ExitData5=1;//有水无水标志
  38          
  39          u8 EEPROMDATA=255;
  40          u8 MaxDrawingWaterTimes=120;//最长抽水时间120秒
  41          u8 CupOffDrawinWaterTimes=6; //杯子离开后抽水时间 100MS
  42          
  43          
  44          
  45          
  46          //【下面是什么标志占时还没读懂】
  47          u8  Timer10MSCounter11=0,Timer10MSCounter12=0,Timer10MSCounter13=0,Timer10MSCounter14=0,Timer10MSCounter15
             -=0;
  48          u8  TimerOut=0,TimerOut1=0,TimerOut2=0,TimerOut3=0,TimerOut4=0,TimerOut5=0;
  49          u8 vt1=0,vt2=0,vt3=0,vt4=0,vt5=0;
  50            
  51          
  52          
C51 COMPILER V9.54   TASKSTATE                                                             05/19/2020 17:16:00 PAGE 2   

  53          void  GPIO_config(void)
  54          {
  55   1        GPIO_InitTypeDef  GPIO_InitStructure; 
  56   1        
  57   1        /*控制继电器工作引脚初始化*/
  58   1        
  59   1        GPIO_InitStructure.Pin  = GPIO_Pin_0|GPIO_Pin_1|GPIO_Pin_2|GPIO_Pin_3|GPIO_Pin_4|GPIO_Pin_6|GPIO_Pin_7;//
             -VALVE5 4 3 2 1   R GLED1
  60   1        GPIO_InitStructure.Mode = GPIO_OUT_PP ; // 推挽输出    
  61   1        GPIO_Inilize(GPIO_P0,&GPIO_InitStructure);
  62   1        
  63   1        
  64   1        GPIO_InitStructure.Pin  = GPIO_Pin_5;// CUP4
  65   1        GPIO_InitStructure.Mode = GPIO_PullUp ; //上拉准双向口   
  66   1        GPIO_Inilize(GPIO_P0,&GPIO_InitStructure);  
  67   1        
  68   1      
  69   1        
  70   1        GPIO_InitStructure.Pin  = GPIO_Pin_0|GPIO_Pin_2|GPIO_Pin_5; //CUP1/CUP3/CUP5
  71   1        GPIO_InitStructure.Mode =GPIO_PullUp ;//上拉准双向口     
  72   1        GPIO_Inilize(GPIO_P1,&GPIO_InitStructure);
  73   1        
  74   1        GPIO_InitStructure.Pin  = GPIO_Pin_1|GPIO_Pin_3|GPIO_Pin_4|GPIO_Pin_6|GPIO_Pin_7; // RLED3 /R5/G5/ R GLED
             -2
  75   1        GPIO_InitStructure.Mode = GPIO_OUT_PP ; //推挽输出 
  76   1        GPIO_Inilize(GPIO_P1,&GPIO_InitStructure);  
  77   1        
  78   1        
  79   1        GPIO_InitStructure.Pin  = GPIO_Pin_7;// //PUMP
  80   1        GPIO_InitStructure.Mode = GPIO_OUT_PP ; //推挽输出     
  81   1        GPIO_Inilize(GPIO_P2,&GPIO_InitStructure);  
  82   1         
  83   1        GPIO_InitStructure.Pin  = GPIO_Pin_0|GPIO_Pin_1;//   WATERSTATUSE 2/1
  84   1        GPIO_InitStructure.Mode = GPIO_PullUp ;//上拉准双向口    
  85   1        GPIO_Inilize(GPIO_P2,&GPIO_InitStructure);  
  86   1        
  87   1        GPIO_InitStructure.Pin  = GPIO_Pin_6|GPIO_Pin_7; // UART1
  88   1        GPIO_InitStructure.Mode = GPIO_PullUp ; //上拉准双向口  
  89   1        GPIO_Inilize(GPIO_P3,&GPIO_InitStructure);  
  90   1        
  91   1        GPIO_InitStructure.Pin  = GPIO_Pin_1|GPIO_Pin_5| GPIO_Pin_6|GPIO_Pin_7; // LED /CAPSENS/ EXVALVE/GLED3
  92   1        GPIO_InitStructure.Mode = GPIO_OUT_PP;  //       
  93   1        GPIO_Inilize(GPIO_P4,&GPIO_InitStructure);
  94   1        
  95   1        GPIO_InitStructure.Pin  = GPIO_Pin_2|GPIO_Pin_3|GPIO_Pin_4; //WATERSTATUSE5 4 3
  96   1        GPIO_InitStructure.Mode = GPIO_PullUp;  //       
  97   1        GPIO_Inilize(GPIO_P4,&GPIO_InitStructure);
  98   1        
  99   1        GPIO_InitStructure.Pin  = GPIO_Pin_2|GPIO_Pin_3;  //R GLED4 
 100   1        GPIO_InitStructure.Mode = GPIO_OUT_PP;//     
 101   1        GPIO_Inilize(GPIO_P5,&GPIO_InitStructure);
 102   1        
 103   1        GPIO_InitStructure.Pin  = GPIO_Pin_4 ;  //CUP2
 104   1        GPIO_InitStructure.Mode = GPIO_PullUp;//     
 105   1        GPIO_Inilize(GPIO_P5,&GPIO_InitStructure);
 106   1      } 
 107          
 108          //上电自检
 109          void SelfCheckUp(void)
 110          {
 111   1        //自检
 112   1         Pump1=VALVEOFF;// OFF PMUP
C51 COMPILER V9.54   TASKSTATE                                                             05/19/2020 17:16:00 PAGE 3   

 113   1         Pump5=VALVEOFF;// OFF PMUP 
 114   1         Pump3=VALVEOFF;// OFF PMUP
 115   1         EXValve1=VALVEOFF;
 116   1         EXValve5=VALVEOFF;
 117   1         EXValve3=VALVEOFF;  
 118   1         CapSensor=VALVEOFF; //供电5V关
 119   1      
 120   1      
 121   1      /*******************泵自检  水流阀方式*********************************/
 122   1      
 123   1       Pump1=VALVEON;//开PMUP1
 124   1       Pump5=VALVEON;//开PMUP2
 125   1       Pump3=VALVEON;//开PMUP3
 126   1       Delay1000ms();
 127   1       Delay1000ms();
 128   1       EXValve1=VALVEON;
 129   1       EXValve5=VALVEON;
 130   1       EXValve3=VALVEON;
 131   1       Delay1000ms(); 
 132   1       Delay1000ms();
 133   1       Delay1000ms(); 
 134   1      
 135   1       Delay50ms();
 136   1        Pump1=VALVEOFF;// OFF PMUP
 137   1        Pump5=VALVEOFF;// OFF PMUP  
 138   1        Pump3=VALVEOFF;// OFF PMUP
 139   1       EXValve1=VALVEOFF;
 140   1       EXValve5=VALVEOFF;
 141   1       EXValve3=VALVEOFF;
 142   1      
 143   1      
 144   1        Delay1000ms();
 145   1        CapSensor=VALVEON; //供电5V 
 146   1      
 147   1      
 148   1        Cup1Waiting=1;Cup1Runing=0;Cup1Ending=0;Cup1EndingDraw=0;
 149   1        Cup5Waiting=1;Cup5Runing=0;Cup5Ending=0;Cup5EndingDraw=0;
 150   1        Cup3Waiting=1;Cup3Runing=0;Cup3Ending=0;Cup3EndingDraw=0;
 151   1      }
 152          
 153          
 154          
 155          
 156          //基础任务，状态机的思想
 157          void TaskBasic(void)
 158          {
 159   1          ScanCounter1++;
 160   1          ScanCounter3++;
 161   1          ScanCounter5++;
 162   1        
 163   1        if(MasterDataBuff[23] == 0x02);//保持不变
 164   1        else if(MasterDataBuff[23] == 0x01)//开启使能
 165   1        {Cup1Waiting=1;Cup1Runing=0;Cup1Ending=0;Cup1EndingDraw=0;MasterDataBuff[23]=0x02;}
 166   1        else if(MasterDataBuff[23] == 0x00)//关闭使能
 167   1        {Cup1Waiting=1;Cup1Runing=0;Cup1Ending=0;Cup1EndingDraw=0;MasterDataBuff[23]=0x02;}
 168   1        
 169   1        if(MasterDataBuff[24] == 0x02);//保持不变
 170   1        else if(MasterDataBuff[24] == 0x01)//开启使能
 171   1        {Cup3Waiting=1;Cup3Runing=0;Cup3Ending=0;Cup3EndingDraw=0;MasterDataBuff[24]=0x02;}
 172   1        else if(MasterDataBuff[24] == 0x00)//关闭使能
 173   1        {Cup3Waiting=1;Cup3Runing=0;Cup3Ending=0;Cup3EndingDraw=0;MasterDataBuff[24]=0x02;}
 174   1        
C51 COMPILER V9.54   TASKSTATE                                                             05/19/2020 17:16:00 PAGE 4   

 175   1        if(MasterDataBuff[25] == 0x02);//保持不变
 176   1        else if(MasterDataBuff[25] == 0x01)//开启使能
 177   1        {Cup5Waiting=1;Cup5Runing=0;Cup5Ending=0;Cup5EndingDraw=0;MasterDataBuff[25]=0x02;}
 178   1        else if(MasterDataBuff[25] == 0x00)//关闭使能
 179   1        {Cup5Waiting=1;Cup5Runing=0;Cup5Ending=0;Cup5EndingDraw=0;MasterDataBuff[25]=0x02;}
 180   1      
 181   1        
 182   1        
 183   1        
 184   1      //CUP1 *********************************************************
 185   1         if(Cup1Waiting)//等待状态，红灯亮
 186   1         { 
 187   2            Cup1Waiting=1;Cup1Runing=0;Cup1Ending=0;Cup1EndingDraw=0;GLED1=ON;
 188   2            if(SensorCup(1)==Exist)  //检测到有杯子放入，检测了多次，避免意外触发
 189   2            {
 190   3              Cup1Runing=1;Cup1Waiting=0;//进入第二个状态，running态，清除waiting态
 191   3              GLED1=OFF;//关闭红灯
 192   3              ScanCounter1=0;   //【？？？】
 193   3              TimerOut1=0;//【？？？】
 194   3            }     
 195   2          } 
 196   1           
 197   1         if(Cup1Runing)//进入运行状态，运行时判断有无水流
 198   1         {
 199   2               Cup1Waiting=0;Cup1Runing=1;Cup1Ending=0;Cup1EndingDraw=0;
 200   2               RLED1=ON;//开启绿灯指示
 201   2               Cup1Status=VALVEON;//开泵    //设置cup1状态为有杯子，在外面会判断状态再开泵
 202   2             
 203   2              if (ScanCounter1>=WaitingWaterTimeOut && (TimerOut1==0))//等待来水时间200 10s  400 20s 断断续续来水
 204   2               {  
 205   3                 ScanCounter1=0;
 206   3                 TimerOut1=1;
 207   3               }  
 208   2              if(Water1Sensor==0)//无水
 209   2               { 
 210   3                 Timer10MSCounter11++;//无水计算器，在运行态统计有多少次检测到没有水
 211   3                 if(Timer10MSCounter11>=SensorWaterTimeOut)  
 212   3                 { ExitData1=0;Timer10MSCounter11=0; }  //有水的标志清除，计数变量清零              
 213   3               } 
 214   2              if(Water1Sensor==1)//有水
 215   2               {ExitData1=1; Timer10MSCounter11=0; } //有水标志置位，无水统计变量清零
 216   2            
 217   2              //前3个IF 准备判断状态 ，确认是否有水   [没有水了，或杯子没有了(被强行取走杯子了)，执行下面语句]   
 218   2              if((( ExitData1==NoExist)&&(TimerOut1))||SensorCupOut(1)==NoExist )//检测到无 水流  增加直接拿杯子后停
             -机 
 219   2              { 
 220   3                TimerOut1=1;   
 221   3                Cup1Runing=0;//退出运行状态
 222   3                Cup1Ending=1;//表示结束一次操作，损耗一个杯子
 223   3                RLED1=OFF;  //关闭红灯
 224   3                Cup1Status=VALVEOFF;//抽水电机，//设置cup1状态为无杯子，在外面会判断状态关闭泵
 225   3                Pump1=0;//急停泵;  
 226   3                Delay50ms();  
 227   3                EXValve1=VALVEON;//排空阀动作
 228   3                Delay1000ms(); //延时后才关闭阀          
 229   3                EXValve1=VALVEOFF;
 230   3               }
 231   2               else {TimerOut1=0; Cup1Runing=1; }//处于正常运行状态                
 232   2         }
 233   1         
 234   1         if(Cup1Ending)//进入结束状态
 235   1         { 
C51 COMPILER V9.54   TASKSTATE                                                             05/19/2020 17:16:00 PAGE 5   

 236   2              TimerOut1=0;  //【？？？？】
 237   2              Cup1Waiting=0;Cup1Runing=0;Cup1Ending=1;Cup1EndingDraw=0;//更新状态标志
 238   2              GLED1=~GLED1;
 239   2              RLED1=~RLED1;//每进入一次这个状态，指示灯交替闪烁 
 240   2             if(SensorCupOut(1)==NoExist) //检测到杯子已经拿开，没有拿开则一直检测，直到拿开
 241   2             { 
 242   3               Cup1Waiting=0;Cup1Runing=0; Cup1Ending=0;Cup1EndingDraw=1; //更新状态标志
 243   3               RLED1=OFF;GLED1=OFF;//两个灯都关闭
 244   3               ScanCounter1=0;
 245   3             } 
 246   2         }
 247   1           
 248   1         if(Cup1EndingDraw)//进入结束抽取的状态
 249   1         {
 250   2              //检测到杯子离开后，抽取XMS时间
 251   2              if(ScanCounter1<=CupOffDrawinWaterTimes)//少于规定的抽取时间，继续抽取
 252   2              { 
 253   3                RLED1=~RLED1;
 254   3               // Valve1=VALVEON;//开阀
 255   3                Cup1Status=VALVEON;//开泵
 256   3                Cup1Waiting=0;Cup1Runing=0;Cup1Ending=0;Cup1EndingDraw=1;//还是保持endingdraw状态
 257   3              }
 258   2              else //到达了规定的抽取时间，完成了一次工作，恢复到等待状态，供下一次使用
 259   2              {
 260   3                 RLED1=OFF; //关闭红灯
 261   3                 Cup1Status=VALVEOFF;//设置杯座1状态为无杯子
 262   3                 Cup1Waiting=1;Cup1Runing=0;Cup1Ending=0;Cup1EndingDraw=0;//更新状态机的状态
 263   3                 RLED1=OFF;GLED1=OFF;//两个灯都关闭
 264   3                 ScanCounter1=0;
 265   3              }
 266   2           }
 267   1         
 268   1           
 269   1      //CUP3*********************************************************
 270   1        if(Cup3Waiting)//等待状态，红灯亮
 271   1        { 
 272   2            Cup3Waiting=1;Cup3Runing=0;Cup3Ending=0;Cup3EndingDraw=0;GLED3=ON;
 273   2            if(SensorCup(3)==Exist)  //检测到有杯子放入
 274   2            {
 275   3                Cup3Runing=1;Cup3Waiting=0;
 276   3                GLED3=OFF;
 277   3                ScanCounter3=0;
 278   3                TimerOut3=0;
 279   3            }     
 280   2         }  
 281   1           
 282   1        if(Cup3Runing)//运行时判断有无水流
 283   1        {
 284   2             Cup3Waiting=0;Cup3Runing=1;Cup3Ending=0;Cup3EndingDraw=0;
 285   2             RLED3=ON;
 286   2             Cup3Status=VALVEON;//开泵 
 287   2             if (ScanCounter3>=WaitingWaterTimeOut&&(TimerOut3==0))//等待来水时间200 10s  400 20s 断断续续来水
 288   2             {  
 289   3                 ScanCounter3=0;
 290   3                 TimerOut3=1;
 291   3             }  
 292   2             if(Water3Sensor==0)//无水
 293   2             { 
 294   3               Timer10MSCounter13++;//无水计算器;  
 295   3               if(Timer10MSCounter13>=SensorWaterTimeOut)  
 296   3               { ExitData3=0;Timer10MSCounter13=0; }                
 297   3             } 
C51 COMPILER V9.54   TASKSTATE                                                             05/19/2020 17:16:00 PAGE 6   

 298   2             if(Water3Sensor==1)//有水
 299   2             {ExitData3=1; Timer10MSCounter13=0;} 
 300   2          
 301   2            //前3个IF 准备判断状态             
 302   2            if((( ExitData3==NoExist)&&(TimerOut3))||SensorCupOut(3)==NoExist )//检测到无 水流  增加直接拿杯子后
             -停机 
 303   2            { 
 304   3                  TimerOut3=1;   
 305   3                  Cup3Runing=0;
 306   3                  Cup3Ending=1;
 307   3                  RLED3=OFF;  
 308   3                  Cup3Status=VALVEOFF;//抽水电机
 309   3                  Pump3=0;//急停泵;  
 310   3                  Delay50ms();  
 311   3                  EXValve3=VALVEON;//排空阀动作
 312   3                  Delay1000ms(); //延时后才关闭阀
 313   3                  EXValve3=VALVEOFF;
 314   3             }
 315   2             else {TimerOut3=0; Cup3Runing=1; }
 316   2                         
 317   2         }
 318   1        if(Cup3Ending)
 319   1        { 
 320   2            TimerOut3=0;
 321   2            Cup3Waiting=0;Cup3Runing=0;Cup3Ending=1;Cup3EndingDraw=0;
 322   2            GLED3=~GLED3;
 323   2            RLED3=~RLED3;
 324   2            if(SensorCupOut(3)==NoExist) //检测到杯子已经拿开
 325   2            { 
 326   3                 Cup3Waiting=0;Cup3Runing=0;Cup3Ending=0;Cup3EndingDraw=1;
 327   3                 RLED3=OFF;GLED3=OFF;
 328   3                 ScanCounter3=0;
 329   3             } 
 330   2         }
 331   1        if(Cup3EndingDraw)
 332   1        {
 333   2              //检测到杯子离开后，抽取XMS时间
 334   2              if(ScanCounter3<=CupOffDrawinWaterTimes)
 335   2              { 
 336   3                  RLED3=~RLED3;
 337   3                  Cup3Status=VALVEON;//开泵
 338   3                  Cup3Waiting=0;Cup3Runing=0;Cup3Ending=0;Cup3EndingDraw=1;
 339   3               }
 340   2               else 
 341   2               {
 342   3                 RLED3=OFF; 
 343   3                 Cup3Status=VALVEOFF;
 344   3                 Cup3Waiting=1;Cup3Runing=0;Cup3Ending=0;Cup3EndingDraw=0;
 345   3                 RLED3=OFF;GLED3=OFF;
 346   3                 ScanCounter3=0;
 347   3                }
 348   2         }
 349   1      //CUP5*********************************************************
 350   1          if(Cup5Waiting)
 351   1          { 
 352   2            Cup5Waiting=1;Cup5Runing=0;Cup5Ending=0;Cup5EndingDraw=0;GLED5=ON;
 353   2            if(SensorCup(5)==Exist)  //检测到有杯子放入
 354   2            {
 355   3                Cup5Runing=1;Cup5Waiting=0;
 356   3                GLED5=OFF;
 357   3                ScanCounter5=0;
 358   3                TimerOut5=0;
C51 COMPILER V9.54   TASKSTATE                                                             05/19/2020 17:16:00 PAGE 7   

 359   3             }    
 360   2           }  
 361   1          if(Cup5Runing)//运行时判断有无水流
 362   1          {
 363   2             Cup5Waiting=0;Cup5Runing=1;Cup5Ending=0;Cup5EndingDraw=0;
 364   2             RLED5=ON;
 365   2             Cup5Status=VALVEON;//开泵
 366   2             if (ScanCounter5>=WaitingWaterTimeOut&&(TimerOut5==0))//等待来水时间200 10s  400 20s 断断续续来水
 367   2             {  
 368   3                 ScanCounter5=0;
 369   3                 TimerOut5=1;
 370   3              } 
 371   2              if(Water5Sensor==0)//无水
 372   2              { 
 373   3                Timer10MSCounter15++;//无水计算器
 374   3                if(Timer10MSCounter15>=SensorWaterTimeOut)  
 375   3                { ExitData5=0;Timer10MSCounter15=0; }                
 376   3              } 
 377   2              if(Water5Sensor==1)//有水
 378   2              {ExitData5=1; Timer10MSCounter15=0;  } 
 379   2          
 380   2              //前3个IF 准备判断状态   
 381   2              if((( ExitData5==NoExist)&&(TimerOut5))||SensorCupOut(5)==NoExist )//检测到无 水流  增加直接拿杯子后停
             -机 
 382   2              { 
 383   3                  TimerOut5=1;   
 384   3                  Cup5Runing=0;
 385   3                  Cup5Ending=1;
 386   3                  RLED5=OFF;  
 387   3                  Cup5Status=VALVEOFF;//抽水电机
 388   3                  Pump5=0;//急停泵;  
 389   3                  Delay50ms();  
 390   3                  EXValve5=VALVEON;//排空阀动作
 391   3                  Delay1000ms(); //延时后才关闭阀          
 392   3                  EXValve5=VALVEOFF;
 393   3                }
 394   2                else {TimerOut5=0; Cup5Runing=1; }           
 395   2           }
 396   1          if(Cup5Ending)
 397   1          { 
 398   2              TimerOut5=0;
 399   2              Cup5Waiting=0;Cup5Runing=0;Cup5Ending=1;Cup5EndingDraw=0;
 400   2              GLED5=~GLED5;
 401   2              RLED5=~RLED5;
 402   2              if(SensorCupOut(5)==NoExist) //检测到杯子已经拿开
 403   2              { 
 404   3                 Cup5Waiting=0;Cup5Runing=0;Cup5Ending=0;Cup5EndingDraw=1;
 405   3                 RLED5=OFF;GLED5=OFF;
 406   3                 ScanCounter5=0;
 407   3               } 
 408   2           } 
 409   1          if(Cup5EndingDraw)
 410   1          {
 411   2                //检测到杯子离开后，抽取XMS时间
 412   2                if(ScanCounter5<=CupOffDrawinWaterTimes)
 413   2                { 
 414   3                    RLED5=~RLED5;
 415   3                    Cup5Status=VALVEON;//开泵
 416   3                    Cup5Waiting=0;Cup5Runing=0;Cup5Ending=0;Cup5EndingDraw=1;
 417   3                 }
 418   2                else 
 419   2                {
C51 COMPILER V9.54   TASKSTATE                                                             05/19/2020 17:16:00 PAGE 8   

 420   3                 RLED5=OFF; 
 421   3                 Cup5Status=VALVEOFF;
 422   3                 Cup5Waiting=1;Cup5Runing=0;Cup5Ending=0;Cup5EndingDraw=0;
 423   3                 RLED5=OFF;GLED5=OFF;
 424   3                 ScanCounter3=0;
 425   3                }
 426   2            }
 427   1      }
 428          
 429          
 430          //名称：u8 SensorCup(u8 Number)
 431          //功能：检测杯座有无杯子   100次 10MS
 432          //参数：U8 检测的杯座序号：12345
 433          //返回值：U8 有 1 /  无 0
 434          //
 435          u8 SensorCup (u8 NumberN) 
 436          {
 437   1        u8 ExitData=0;
 438   1        static u8 Timer10MSCounter1=0,Timer10MSCounter3=0,Timer10MSCounter5=0;
 439   1        if(Timer10MSCounter1>=60) 
 440   1          Timer10MSCounter1=0;
 441   1        switch (NumberN)
 442   1        { 
 443   2          case 1://检测第一个杯座
 444   2          {
 445   3            if(Cup1==1)
 446   3             { 
 447   4               Timer10MSCounter1++;     
 448   4               if(Timer10MSCounter1>=SensorCupTimerOut)
 449   4                  {ExitData=1;Timer10MSCounter1=0;} //else {ExitData=0;Timer10MSCounter1=0;}                 
 450   4             }
 451   3           }break;
 452   2          case 3: 
 453   2          {
 454   3            if(Cup3==1)
 455   3            { 
 456   4              Timer10MSCounter3++;   
 457   4               if(Timer10MSCounter3>=SensorCupTimerOut)
 458   4                  {ExitData=1;Timer10MSCounter3=0;} //else {ExitData=0;Timer10MSCounter3=0;}                
 459   4             }
 460   3           } break;
 461   2          case 5:
 462   2          {
 463   3            if(Cup5==1)
 464   3            { 
 465   4              Timer10MSCounter5++;   
 466   4              if(Timer10MSCounter5>=SensorCupTimerOut)
 467   4                {ExitData=1;Timer10MSCounter5=0;} //else {ExitData=0;Timer10MSCounter5=0;}                 
 468   4            }
 469   3           } break;
 470   2          default: break;
 471   2        }    
 472   1        return ExitData;
 473   1      }
 474          
 475           //
 476           //名称：u8 SensorCupOut(u8 Number)
 477          //功能：检测杯座无杯子   100次 10MS
 478          //参数：U8 检测的杯座序号：12345
 479          //返回值：U8 有 1 /  无 0
 480          //
 481          //
C51 COMPILER V9.54   TASKSTATE                                                             05/19/2020 17:16:00 PAGE 9   

 482          u8 SensorCupOut (u8 NumberN) 
 483          {
 484   1        u8 ExitData;
 485   1        static u16 Timer10MSCounter=0;
 486   1        if(Timer10MSCounter>=60) 
 487   1          Timer10MSCounter=0;
 488   1        switch (NumberN)
 489   1        { 
 490   2          case 1://检测第一个杯座
 491   2          {
 492   3            if(Cup1==0)
 493   3            { 
 494   4              Timer10MSCounter++;   
 495   4              if(Timer10MSCounter>=SensorCupOutTime)
 496   4                {ExitData=0;Timer10MSCounter=0;}                 
 497   4             }
 498   3             else {ExitData=1;}
 499   3           } break;
 500   2          case 3: 
 501   2          {
 502   3            if(Cup3==0)
 503   3            { 
 504   4              Timer10MSCounter++;   
 505   4               if(Timer10MSCounter>=SensorCupOutTime)
 506   4                  {ExitData=0;Timer10MSCounter=0;}                 
 507   4            }
 508   3             else {ExitData=1;}
 509   3           } break;
 510   2          case 5: 
 511   2          {
 512   3            if(Cup5==0)
 513   3             {
 514   4               Timer10MSCounter++;   
 515   4               if(Timer10MSCounter>=SensorCupOutTime)
 516   4                  {ExitData=0;Timer10MSCounter=0;}             
 517   4             }
 518   3              else {ExitData=1;}
 519   3           } break;
 520   2          default: break;
 521   2        }    
 522   1        return ExitData;
 523   1      }
 524          
 525          //名称：u8 SensorWater(u8 Number)
 526          //功能：检测管道里有无液体  100次 10MS
 527          //参数：U8 检测的管道序号：12345
 528          //返回值：U8 有 1 /  无 0
 529          //
 530          
 531          //u8 SensorWater(u8 NumberN) 
 532          //{ 
 533          //  u8  ExitData=0;
 534          //  
 535          ////  if(Timer10MSCounter11>=60) Timer10MSCounter11=0;
 536          ////  if(Timer10MSCounter12>=60) Timer10MSCounter11=0;
 537          ////  if(Timer10MSCounter13>=60) Timer10MSCounter11=0;
 538          ////  if(Timer10MSCounter14>=60) Timer10MSCounter11=0;
 539          ////  if(Timer10MSCounter15>=60) Timer10MSCounter11=0;
 540          //  
 541          //  switch (NumberN)
 542          //   { 
 543          //      case 1://检测第一条管道
C51 COMPILER V9.54   TASKSTATE                                                             05/19/2020 17:16:00 PAGE 10  

 544          //           {
 545          //            if(Water1Sensor==0)//无水
 546          //             { Timer10MSCounter11++;     TX1_write2buff(Timer10MSCounter11);  
 547          //             
 548          //               if(Timer10MSCounter11>=SensorWaterTimeOut)  
 549          //                 { ExitData=0;Timer10MSCounter11=0; }                
 550          //             } 
 551          //            if(Water1Sensor==1)//有水
 552          //             {ExitData=1; Timer10MSCounter11=0;
 553          //             } 
 554          //           } break;
 555          //      case 2: {
 556          //            if(Water2Sensor==0) 
 557          //             { Timer10MSCounter12++;   
 558          //               if(Timer10MSCounter12>=SensorWaterTimeOut){ExitData=0;Timer10MSCounter12=0;} //else {ExitData=0;
             -}                 
 559          //             }
 560          //            else {ExitData=1;Timer10MSCounter12=0;}
 561          //           } break;
 562          //      case 3: {
 563          //            if(Water3Sensor==0)
 564          //             { Timer10MSCounter13++;   
 565          //               if(Timer10MSCounter13>=SensorWaterTimeOut){ExitData=0;Timer10MSCounter13=0;} //else {ExitData=0;
             -}                 
 566          //             } 
 567          //             else {ExitData=1;Timer10MSCounter13=0;}
 568          //           } break;
 569          //      case 4:  {
 570          //            if(Water4Sensor==0)
 571          //             { Timer10MSCounter14++;   
 572          //               if(Timer10MSCounter14>=SensorWaterTimeOut){ExitData=0;Timer10MSCounter14=0;} //else ExitData=1; 
             -                  
 573          //             }
 574          //            else {ExitData=1;Timer10MSCounter14=0;}
 575          // 
 576          //           } break;
 577          //      case 5:{
 578          //                if(Water5Sensor==0)
 579          //                  { Timer10MSCounter15++;   
 580          //                    if(Timer10MSCounter15>=SensorWaterTimeOut){ExitData=0;Timer10MSCounter15=0;} //else {ExitDa
             -ta=0;}                 
 581          //                  } 
 582          //                else {ExitData=1;Timer10MSCounter15=0;}
 583          //             } break;
 584          //         default: break;
 585          //    } 
 586          
 587          //  TX1_write2buff(ExitData+2); 
 588          //  return ExitData;
 589          //}
 590          //延时程序50MS
 591          
 592          void Delay50ms()    //@11.0592MHz
 593          {
 594   1        unsigned char i, j, k;
 595   1      
 596   1        _nop_();
 597   1        _nop_();
 598   1        i = 3;
 599   1        j = 26;
 600   1        k = 223;
 601   1        do
C51 COMPILER V9.54   TASKSTATE                                                             05/19/2020 17:16:00 PAGE 11  

 602   1        {
 603   2          do
 604   2          {
 605   3            while (--k);
 606   3          } while (--j);
 607   2        } while (--i);
 608   1      }
 609          
 610          
 611          
 612          void Delay1000ms()    //@11.0592MHz
 613          {
 614   1        unsigned char i, j, k;
 615   1      
 616   1        _nop_();
 617   1        _nop_();
 618   1        i = 43;
 619   1        j = 6;
 620   1        k = 203;
 621   1        do
 622   1        {
 623   2          do
 624   2          {
 625   3            while (--k);
 626   3          } while (--j);
 627   2        } while (--i);
 628   1      }
 629          
 630          
 631          
 632          void WriteStateToSlaveDataBuff(void)
 633          {
 634   1        SlaveDataBuff[0] = RLED1;
 635   1        SlaveDataBuff[1] = RLED3;
 636   1        SlaveDataBuff[2] = RLED5;
 637   1        SlaveDataBuff[3] = GLED1;
 638   1        SlaveDataBuff[4] = GLED3;
 639   1        SlaveDataBuff[5] = GLED5;//写LED状态
 640   1        
 641   1        SlaveDataBuff[6] = Cup1Status;
 642   1        SlaveDataBuff[7] = Cup3Status;
 643   1        SlaveDataBuff[8] = Cup5Status;//写有无杯子状态
 644   1        
 645   1        SlaveDataBuff[6] = ExitData1;
 646   1        SlaveDataBuff[7] = ExitData3;
 647   1        SlaveDataBuff[8] = ExitData5;//写有无水状态
 648   1      
 649   1      }
 650          
 651          void PumpControl(void)
 652          {
 653   1        if(Cup1Status==1)//有杯子状态确定是否开启泵
 654   1             Pump1=1;// 
 655   1        else Pump1=0;//关泵
 656   1        if(Cup3Status==1)//有杯子状态确定是否开启泵
 657   1             Pump3=1;// 
 658   1        else Pump3=0;//关泵
 659   1        if(Cup5Status==1)//有杯子状态确定是否开启泵
 660   1             Pump5=1;// 
 661   1        else Pump5=0;//关泵
 662   1      }
 663          
C51 COMPILER V9.54   TASKSTATE                                                             05/19/2020 17:16:00 PAGE 12  

 664          


MODULE INFORMATION:   STATIC OVERLAYABLE
   CODE SIZE        =   1864    ----
   CONSTANT SIZE    =   ----    ----
   XDATA SIZE       =   ----    ----
   PDATA SIZE       =     55       2
   DATA SIZE        =   ----    ----
   IDATA SIZE       =   ----    ----
   BIT SIZE         =   ----    ----
END OF MODULE INFORMATION.


C51 COMPILATION COMPLETE.  0 WARNING(S),  0 ERROR(S)
