C51 COMPILER V9.54   TASKCONTROL                                                           05/19/2020 17:16:00 PAGE 1   


C51 COMPILER V9.54, COMPILATION OF MODULE TASKCONTROL
OBJECT MODULE PLACED IN .\Objects\TaskControl.obj
COMPILER INVOKED BY: C:\Program Files (x86)\Spring Program Files(x86)\MDK4 and MDK5\C51\BIN\C51.EXE USER\TaskControl.c C
                    -OMPACT ROM(COMPACT) OPTIMIZE(8,SPEED) BROWSE INCDIR(.\USER;.\FWLIB) DEBUG OBJECTEXTEND PRINT(.\Listings\TaskControl.lst)
                    - TABS(2) OBJECT(.\Objects\TaskControl.obj)

line level    source

   1          
   2          
   3          #include "TaskControl.h"
   4          
   5          
   6          void MasterControl(void)
   7          {
   8   1        if(MasterDataBuff[Reled1]==0x01)RLED1=ON;  //亮
   9   1        else if(MasterDataBuff[Reled1]==0x00)RLED1=OFF; //灭
  10   1      
  11   1        if(MasterDataBuff[Reled3]==0x01)RLED3=ON;//亮
  12   1        else if(MasterDataBuff[Reled3]==0x00)RLED3=OFF;//灭
  13   1      
  14   1        if(MasterDataBuff[Reled5]==0x01)RLED5=ON;
  15   1        else if(MasterDataBuff[Reled5]==0x00)RLED5=OFF;
  16   1          
  17   1        if(MasterDataBuff[Grled1]==0x01)GLED1=ON; //亮
  18   1        else if(MasterDataBuff[Grled1]==0x00)GLED1=OFF;
  19   1        
  20   1        if(MasterDataBuff[Grled3]==0x01)GLED3=ON; //亮
  21   1        else if(MasterDataBuff[Grled3]==0x00)GLED3=OFF;
  22   1      
  23   1        if(MasterDataBuff[Grled5]==0x01)GLED5=ON;  //亮
  24   1        else if(MasterDataBuff[Grled5]==0x00)GLED5=OFF;
  25   1          
  26   1        
  27   1        if(MasterDataBuff[pum1]==0x01)Pump1=1;//控制泵启动
  28   1        else if(MasterDataBuff[pum1]==0x00)Pump1=0;//控制泵关闭
  29   1      
  30   1        if(MasterDataBuff[pum3]==0x01)Pump3=1;
  31   1        else if(MasterDataBuff[pum3]==0x00)Pump3=0;
  32   1      
  33   1        if(MasterDataBuff[pum5]==0x01)Pump5=1;
  34   1        else if(MasterDataBuff[pum5]==0x00)Pump5=0;
  35   1      
  36   1        
  37   1        if(MasterDataBuff[Valve1]==0x01)EXValve1=1;//控制继电器空气阀打开
  38   1        else if(MasterDataBuff[Valve1]==0x00)EXValve1=0;//控制继电器空气阀关闭
  39   1            
  40   1        if(MasterDataBuff[Valve3]==0x01)EXValve3=1;
  41   1        else if(MasterDataBuff[Valve3]==0x00)EXValve3=0;
  42   1        
  43   1        if(MasterDataBuff[Valve5]==0x01)EXValve5=1;
  44   1        else if(MasterDataBuff[Valve5]==0x00)EXValve5=0;
  45   1      
  46   1        if(MasterDataBuff[Sensor]==0x01)CapSensor=1;//打开5V水流总开关
  47   1        else if(MasterDataBuff[Sensor]==0x00)CapSensor=0;//关闭5V水流总开关
  48   1      }
  49          
  50                        


MODULE INFORMATION:   STATIC OVERLAYABLE
C51 COMPILER V9.54   TASKCONTROL                                                           05/19/2020 17:16:00 PAGE 2   

   CODE SIZE        =    208    ----
   CONSTANT SIZE    =   ----    ----
   XDATA SIZE       =   ----    ----
   PDATA SIZE       =   ----    ----
   DATA SIZE        =   ----    ----
   IDATA SIZE       =   ----    ----
   BIT SIZE         =   ----    ----
END OF MODULE INFORMATION.


C51 COMPILATION COMPLETE.  0 WARNING(S),  0 ERROR(S)
