C51 COMPILER V9.54   MAIN                                                                  05/20/2020 10:08:50 PAGE 1   


C51 COMPILER V9.54, COMPILATION OF MODULE MAIN
OBJECT MODULE PLACED IN .\Objects\main.obj
COMPILER INVOKED BY: C:\Program Files (x86)\Spring Program Files(x86)\MDK4 and MDK5\C51\BIN\C51.EXE USER\main.c COMPACT 
                    -ROM(COMPACT) OPTIMIZE(8,SPEED) BROWSE INCDIR(.\USER;.\FWLIB) DEBUG OBJECTEXTEND PRINT(.\Listings\main.lst) TABS(2) OBJEC
                    -T(.\Objects\main.obj)

line level    source

   1          //--------------------------------------------------------------------------------------
   2          //通信使用串口1，USART1
   3          //Timer0用来做任务的时间分片
   4          //    基础任务100ms允许一次，上传任务最小500ms允许一次
   5          //    设置Timer0定时时间为10ms
   6          //Timer1用来做串口的超时接收,设置Timer1定时时间为10ms(4ms左右就可以接收约40Byte)
   7          //Timer2做波特率发生器
   8          //------------------------------------------------------------------------------------------
   9          
  10          #include "config.h"
  11          #include "TaskUart.h"
  12          #include "TimeProcess.h"
  13          #include "TaskState.h"
  14          #include "TaskEEPROM.h"
  15          #include "TaskControl.h"
  16          
  17          #include "delay.h"
  18          
  19          
  20          
  21          //任务使能标志初始化
  22            u8 TaskUartFlag = 0;//任务1：数据帧接收解析任务
  23            u8 TaskStateScanFlag = 0;//任务2：设备状态扫描检测任务
  24            u8 TaskUploadFlag = 0;//任务3：数据上传任务
  25            u8 TaskEEPROMFlag = 0;//任务4：EEPROM读写任务
  26            u8 TaskControlFlag = 0;//任务5：设备运行控制任务
  27            
  28          //两个数据区的定义和初始化，每个位置的数据参考总协议文档表10、表11
  29          u8 SlaveDataBuff[SDB_LEN] = {0};//本地状态数据区
  30          u8 MasterDataBuff[MDB_LEN] = {0};//主控STM32下发的数据区
  31          
  32          
  33          
  34          
  35          void main()
  36          {
  37   1        //系统初始化，包括GPIO、USART、Timer、上电自检等
  38   1        GPIO_config();
  39   1        Timer0Config();
  40   1        Timer1Config();
  41   1        TaskUart1_Init();
  42   1      
  43   1        
  44   1        SelfCheckUp();//上电自检
  45   1        EA = 1;
  46   1        delay_ms(500);
  47   1        while(1)
  48   1        {
  49   2          PumpControl();//根据有无杯子进行泵的控制
  50   2          
  51   2          if(TaskUartFlag != 0)//数据解析任务允许工作，该标志位由定时器中断服务函数置位
  52   2          {
  53   3            LED = ~LED;
C51 COMPILER V9.54   MAIN                                                                  05/20/2020 10:08:50 PAGE 2   

  54   3            TaskUartFlag = 0;//清除标志位
  55   3            if(DataValidityCheck(ReceiveBuff) == 0)//校验成功
  56   3              DataAnalyze(ReceiveBuff);//解析数据
  57   3            ReceiveEnable=0;//清允许接收标志位
  58   3          }
  59   2          
  60   2          if(TaskStateScanFlag != 0)//基础任务允许工作
  61   2          { 
  62   3            TaskStateScanFlag = 0;//清除标志位
  63   3            TaskBasic();
  64   3            WriteStateToSlaveDataBuff();//更新数据区状态
  65   3            //基础任务，完成对杯座状态的检测，根据检测的结果，可以写其他任务的允许标志位
  66   3          }
  67   2          
  68   2          if(TaskUploadFlag != 0)//上传状态任务允许工作
  69   2          {
  70   3            TaskUploadFlag = 0;//清除标志位
  71   3            FramePacking(0x71,MasterDataBuff);//通过串口，把本地状态数据区的内容打包上传
  72   3          }
  73   2          
  74   2          if(TaskEEPROMFlag != 0)//EEPROM任务允许工作
  75   2          {
  76   3              TaskEEPROM();//直接读取MasterDataBuff的内容写EEPROM,写完在读取EEPROM，读取的结果写到SlaveDataBuff
  77   3              TaskEEPROMFlag = 0;//清除标志位
  78   3          }
  79   2          
  80   2          if(TaskControlFlag != 0)//控制任务允许工作
  81   2          {
  82   3            TaskControlFlag = 0;//清除标志位
  83   3            MasterControl();//读取指令数据区的内容，根据数据完成对各设备的控制
  84   3          }
  85   2        }
  86   1      }


MODULE INFORMATION:   STATIC OVERLAYABLE
   CODE SIZE        =    114    ----
   CONSTANT SIZE    =   ----    ----
   XDATA SIZE       =   ----    ----
   PDATA SIZE       =     51    ----
   DATA SIZE        =   ----    ----
   IDATA SIZE       =   ----    ----
   BIT SIZE         =   ----    ----
END OF MODULE INFORMATION.


C51 COMPILATION COMPLETE.  0 WARNING(S),  0 ERROR(S)
